<?xml version="1.0" encoding="UTF-8"?>
<!-- Generated by org.testng.reporters.JUnitXMLReporter -->
<testsuite ignored="2" hostname="DESKTOP-TNQAJ1I" failures="0" tests="6" name="Test" time="0.237" errors="0" timestamp="2025-02-08T07:18:47 IST">
  <testcase classname="Test.Day1" name="Apilogin" time="0.03"/>
  <testcase classname="Test.Day2" name="mobilesignin" time="0.045"/>
  <testcase classname="Test.Day1" name="mobile2login" time="0.009"/>
  <testcase classname="Test.Day2" name="mobilesignin" time="0.015"/>
  <testcase classname="Test.Day2" name="mobilesignin" time="0.003"/>
  <testcase classname="Test.Day2" name="restApisignin" time="0.003"/>
  <testcase classname="Test.Day1" name="demo" time="0.0">
    <ignored/>
  </testcase> <!-- demo -->
  <testcase classname="Test.Day2" name="demosignin" time="0.0">
    <ignored/>
  </testcase> <!-- demosignin -->
</testsuite> <!-- Test -->
