<?xml version="1.0" encoding="UTF-8"?>
<testng-results ignored="0" total="3" passed="3" failed="0" skipped="0">
  <reporter-output>
  </reporter-output>
  <suite started-at="2025-02-24T20:47:29 IST" name="Default suite" finished-at="2025-02-24T20:47:30 IST" duration-ms="87">
    <groups>
    </groups>
    <test started-at="2025-02-24T20:47:29 IST" name="Default test" finished-at="2025-02-24T20:47:30 IST" duration-ms="87">
      <class name="Test.Parent">
        <test-method is-config="true" signature="beforerun()[pri:0, instance:Test.Parent@188715b5]" started-at="2025-02-24T20:47:29 IST" name="beforerun" finished-at="2025-02-24T20:47:29 IST" duration-ms="9" status="PASS">
          <reporter-output>
          </reporter-output>
        </test-method> <!-- beforerun -->
        <test-method signature="testrun()[pri:0, instance:Test.Parent@188715b5]" started-at="2025-02-24T20:47:29 IST" name="testrun" finished-at="2025-02-24T20:47:29 IST" duration-ms="13" status="PASS">
          <reporter-output>
          </reporter-output>
        </test-method> <!-- testrun -->
        <test-method is-config="true" signature="beforerun()[pri:0, instance:Test.Parent@188715b5]" started-at="2025-02-24T20:47:30 IST" name="beforerun" finished-at="2025-02-24T20:47:30 IST" duration-ms="0" status="PASS">
          <reporter-output>
          </reporter-output>
        </test-method> <!-- beforerun -->
        <test-method signature="testrun2()[pri:0, instance:Test.Parent@188715b5]" started-at="2025-02-24T20:47:30 IST" name="testrun2" finished-at="2025-02-24T20:47:30 IST" duration-ms="2" status="PASS">
          <reporter-output>
          </reporter-output>
        </test-method> <!-- testrun2 -->
        <test-method signature="testrun3()[pri:0, instance:Test.Parent@188715b5]" started-at="2025-02-24T20:47:30 IST" name="testrun3" finished-at="2025-02-24T20:47:30 IST" duration-ms="2" status="PASS">
          <reporter-output>
          </reporter-output>
        </test-method> <!-- testrun3 -->
        <test-method is-config="true" signature="beforerun()[pri:0, instance:Test.Parent@188715b5]" started-at="2025-02-24T20:47:30 IST" name="beforerun" finished-at="2025-02-24T20:47:30 IST" duration-ms="0" status="PASS">
          <reporter-output>
          </reporter-output>
        </test-method> <!-- beforerun -->
      </class> <!-- Test.Parent -->
    </test> <!-- Default test -->
  </suite> <!-- Default suite -->
</testng-results>
