<?xml version="1.0" encoding="UTF-8"?>
<testng-results ignored="0" total="1" passed="1" failed="0" skipped="0">
  <reporter-output>
  </reporter-output>
  <suite started-at="2025-02-08T20:39:12 IST" name="Default suite" finished-at="2025-02-08T20:39:12 IST" duration-ms="53">
    <groups>
    </groups>
    <test started-at="2025-02-08T20:39:12 IST" name="Default test" finished-at="2025-02-08T20:39:12 IST" duration-ms="53">
      <class name="Test.Parent">
        <test-method is-config="true" signature="beforerun()[pri:0, instance:Test.Parent@3d680b5a]" started-at="2025-02-08T20:39:12 IST" name="beforerun" finished-at="2025-02-08T20:39:12 IST" duration-ms="4" status="PASS">
          <reporter-output>
          </reporter-output>
        </test-method> <!-- beforerun -->
        <test-method signature="testrun()[pri:0, instance:Test.Parent@3d680b5a]" started-at="2025-02-08T20:39:12 IST" name="testrun" finished-at="2025-02-08T20:39:12 IST" duration-ms="9" status="PASS">
          <reporter-output>
          </reporter-output>
        </test-method> <!-- testrun -->
      </class> <!-- Test.Parent -->
    </test> <!-- Default test -->
  </suite> <!-- Default suite -->
</testng-results>
